<?xml version="1.0" encoding="UTF-8"?>
<!-- Generated by org.testng.reporters.JUnitReportReporter -->
<testsuite hostname="DESKTOP-9BDH52H" name="test.ScenarioTest" tests="1" failures="0" timestamp="16 Jan 2020 17:53:21 GMT" time="18.515" errors="0">
  <testcase name="selectTwoTC" time="18.515" classname="test.ScenarioTest"/>
</testsuite> <!-- test.ScenarioTest -->
